<?xml version="1.0" encoding="UTF-8"?>
<!-- Generated by org.testng.reporters.JUnitXMLReporter -->
<testsuite ignored="0" hostname="DESKTOP-N2GJ8F5" failures="1" tests="1" name="Accounts Page Test" time="24.296" errors="0" timestamp="2024-05-15T11:23:58 IST">
  <testcase classname="com.opencart.tests.AccountsPageTest" name="isSearchFieldExistTest" time="0.009">
    <failure type="java.lang.AssertionError" message="expected [true] but found [false]">
      <![CDATA[java.lang.AssertionError: expected [true] but found [false]
at com.opencart.tests.AccountsPageTest.isSearchFieldExistTest(AccountsPageTest.java:20)
at java.base/java.util.ArrayList.forEach(ArrayList.java:1541)
... Removed 31 stack frames]]>
    </failure>
  </testcase> <!-- isSearchFieldExistTest -->
</testsuite> <!-- Accounts Page Test -->
