<?xml version="1.0" encoding="UTF-8"?>
<!-- Generated by org.testng.reporters.JUnitXMLReporter -->
<testsuite ignored="0" hostname="DESKTOP-K3537LT" failures="1" tests="4" name="Accounts Page Test" time="7.548" errors="0" timestamp="2024-03-14T14:51:57 IST">
  <testcase classname="com.opencart.tests.AccountsPageTest" name="isSearchFieldExistTest" time="0.007">
    <skipped/>
  </testcase> <!-- isSearchFieldExistTest -->
  <testcase classname="com.opencart.tests.AccountsPageTest" name="isSearchFieldExistTest" time="0.003">
    <skipped/>
  </testcase> <!-- isSearchFieldExistTest -->
  <testcase classname="com.opencart.tests.AccountsPageTest" name="isSearchFieldExistTest" time="0.002">
    <skipped/>
  </testcase> <!-- isSearchFieldExistTest -->
  <testcase classname="com.opencart.tests.AccountsPageTest" name="isSearchFieldExistTest" time="0.003">
    <failure type="java.lang.AssertionError" message="expected [true] but found [false]">
      <![CDATA[java.lang.AssertionError: expected [true] but found [false]
at com.opencart.tests.AccountsPageTest.isSearchFieldExistTest(AccountsPageTest.java:20)
at java.base/java.util.ArrayList.forEach(ArrayList.java:1541)
at java.base/java.util.concurrent.FutureTask.run(FutureTask.java:264)
at java.base/java.util.concurrent.ThreadPoolExecutor.runWorker(ThreadPoolExecutor.java:1128)
at java.base/java.util.concurrent.ThreadPoolExecutor$Worker.run(ThreadPoolExecutor.java:628)
at java.base/java.lang.Thread.run(Thread.java:834)
... Removed 22 stack frames]]>
    </failure>
  </testcase> <!-- isSearchFieldExistTest -->
</testsuite> <!-- Accounts Page Test -->
