<?xml version="1.0" encoding="UTF-8"?>
<testsuite xmlns:xsi="http://www.w3.org/2001/XMLSchema-instance" xsi:noNamespaceSchemaLocation="https://maven.apache.org/surefire/maven-surefire-plugin/xsd/surefire-test-report.xsd" name="TestSuite" time="15.968" tests="8" errors="0" skipped="3" failures="1">
  <properties>
    <property name="sun.desktop" value="windows"/>
    <property name="awt.toolkit" value="sun.awt.windows.WToolkit"/>
    <property name="java.specification.version" value="11"/>
    <property name="sun.cpu.isalist" value="amd64"/>
    <property name="sun.jnu.encoding" value="Cp1252"/>
    <property name="java.class.path" value="D:\Softwares\apache-maven-3.9.6\boot\plexus-classworlds-2.7.0.jar"/>
    <property name="java.vm.vendor" value="Oracle Corporation"/>
    <property name="sun.arch.data.model" value="64"/>
    <property name="user.variant" value=""/>
    <property name="java.vendor.url" value="https://openjdk.java.net/"/>
    <property name="user.timezone" value="Asia/Calcutta"/>
    <property name="maven.conf" value="D:\Softwares\apache-maven-3.9.6/conf"/>
    <property name="os.name" value="Windows 11"/>
    <property name="java.vm.specification.version" value="11"/>
    <property name="sun.java.launcher" value="SUN_STANDARD"/>
    <property name="user.country" value="US"/>
    <property name="sun.boot.library.path" value="C:\Program Files\Java\jdk-11.0.16.1\bin"/>
    <property name="sun.java.command" value="org.codehaus.plexus.classworlds.launcher.Launcher clean test"/>
    <property name="jdk.debug" value="release"/>
    <property name="maven.home" value="D:\Softwares\apache-maven-3.9.6"/>
    <property name="sun.cpu.endian" value="little"/>
    <property name="user.home" value="C:\Users\TP"/>
    <property name="user.language" value="en"/>
    <property name="sun.stderr.encoding" value="cp437"/>
    <property name="java.specification.vendor" value="Oracle Corporation"/>
    <property name="java.version.date" value="2022-08-18"/>
    <property name="java.home" value="C:\Program Files\Java\jdk-11.0.16.1"/>
    <property name="file.separator" value="\"/>
    <property name="java.vm.compressedOopsMode" value="Zero based"/>
    <property name="line.separator" value="&#10;"/>
    <property name="sun.stdout.encoding" value="cp437"/>
    <property name="java.specification.name" value="Java Platform API Specification"/>
    <property name="java.vm.specification.vendor" value="Oracle Corporation"/>
    <property name="java.awt.graphicsenv" value="sun.awt.Win32GraphicsEnvironment"/>
    <property name="user.script" value=""/>
    <property name="sun.management.compiler" value="HotSpot 64-Bit Tiered Compilers"/>
    <property name="java.runtime.version" value="11.0.16.1+1-LTS-1"/>
    <property name="user.name" value="TP"/>
    <property name="path.separator" value=";"/>
    <property name="os.version" value="10.0"/>
    <property name="java.runtime.name" value="Java(TM) SE Runtime Environment"/>
    <property name="file.encoding" value="Cp1252"/>
    <property name="guice.disable.misplaced.annotation.check" value="true"/>
    <property name="java.vm.name" value="Java HotSpot(TM) 64-Bit Server VM"/>
    <property name="java.vendor.version" value="18.9"/>
    <property name="java.vendor.url.bug" value="https://bugreport.java.com/bugreport/"/>
    <property name="java.io.tmpdir" value="C:\Users\TP\AppData\Local\Temp\"/>
    <property name="java.version" value="11.0.16.1"/>
    <property name="user.dir" value="D:\Workspace_2\EndToEnd_Java_Selenium"/>
    <property name="os.arch" value="amd64"/>
    <property name="maven.multiModuleProjectDirectory" value="D:\Workspace_2\EndToEnd_Java_Selenium"/>
    <property name="java.vm.specification.name" value="Java Virtual Machine Specification"/>
    <property name="java.awt.printerjob" value="sun.awt.windows.WPrinterJob"/>
    <property name="sun.os.patch.level" value=""/>
    <property name="java.library.path" value="C:\Program Files\Java\jdk-11.0.16.1\bin;C:\WINDOWS\Sun\Java\bin;C:\WINDOWS\system32;C:\WINDOWS;C:\Program Files\Common Files\Oracle\Java\javapath;C:\WINDOWS\system32;C:\WINDOWS;C:\WINDOWS\System32\Wbem;C:\WINDOWS\System32\WindowsPowerShell\v1.0\;C:\WINDOWS\System32\OpenSSH\;C:\Program Files\nodejs\;C:\Users\TP\AppData\Local\Android\Sdk\tools;C:\Users\TP\AppData\Local\Android\Sdk\build-tools;C:\Users\TP\AppData\Local\Android\Sdk\platform-tools;C:\Program Files\nodejs\;C:\Users\TP\AppData\Roaming\npm;C:\Users\TP\AppData\Roaming\npm\node_modules\appium\node_modules;C:\Program Files\Java\jdk-11.0.16.1\bin;C:\Program Files\Java\jdk-11.0.16.1;&quot;C:\Program Files\Java\jdk-11.0.16.1\bin;&quot;;C:\Program Files\Git\cmd;%MAVEN_HOME%\bin;C:\Users\TP\AppData\Local\Programs\Python\Python312;C:\Users\TP\AppData\Local\Programs\Python\Python312\Scripts;C:\Users\TP\AppData\Local\Programs\Python\Python312\Scripts\;C:\Users\TP\AppData\Local\Programs\Python\Python312\;C:\Users\TP\AppData\Local\Microsoft\WindowsApps;C:\Program Files\JetBrains\PyCharm Community Edition 2023.3.3\bin;D:\Softwares\apache-maven-3.9.6\bin;C:\Users\TP\AppData\Local\GitHubDesktop\bin;."/>
    <property name="java.vendor" value="Oracle Corporation"/>
    <property name="java.vm.info" value="mixed mode"/>
    <property name="java.vm.version" value="11.0.16.1+1-LTS-1"/>
    <property name="classworlds.conf" value="D:\Softwares\apache-maven-3.9.6\bin\m2.conf"/>
    <property name="sun.io.unicode.encoding" value="UnicodeLittle"/>
    <property name="library.jansi.path" value="D:\Softwares\apache-maven-3.9.6\lib\jansi-native"/>
    <property name="java.class.version" value="55.0"/>
  </properties>
  <testcase name="loginPageTitleTest" classname="com.opencart.tests.LoginPageTest" time="0.937"/>
  <testcase name="isSearchFieldExistTest" classname="com.opencart.tests.AccountsPageTest" time="0">
    <skipped message="expected [true] but found [false]"/>
    <system-out><![CDATA[loginPageTitleTest passed!
Test Suite is ending!
Credentials are: dfgh@gmail.com and 1234
userRegTest started!
user is logged in successfully
isSearchFieldExistTest started!
]]></system-out>
  </testcase>
  <testcase name="isSearchFieldExistTest" classname="com.opencart.tests.AccountsPageTest" time="0">
    <skipped message="expected [true] but found [false]"/>
    <system-out><![CDATA[isSearchFieldExistTest skipped!
isSearchFieldExistTest started!
]]></system-out>
  </testcase>
  <testcase name="isSearchFieldExistTest" classname="com.opencart.tests.AccountsPageTest" time="0">
    <skipped message="expected [true] but found [false]"/>
    <system-out><![CDATA[isSearchFieldExistTest skipped!
isSearchFieldExistTest started!
]]></system-out>
  </testcase>
  <testcase name="isSearchFieldExistTest" classname="com.opencart.tests.AccountsPageTest" time="0.008">
    <failure message="expected [true] but found [false]" type="java.lang.AssertionError">java.lang.AssertionError: expected [true] but found [false]
	at com.opencart.tests.AccountsPageTest.isSearchFieldExistTest(AccountsPageTest.java:20)
</failure>
    <system-out><![CDATA[isSearchFieldExistTest skipped!
isSearchFieldExistTest started!
]]></system-out>
  </testcase>
  <testcase name="userRegTest" classname="com.opencart.tests.RegistrationPageTest" time="2.362"/>
  <testcase name="userRegTest" classname="com.opencart.tests.RegistrationPageTest" time="2.707"/>
  <testcase name="userRegTest" classname="com.opencart.tests.RegistrationPageTest" time="2.578"/>
</testsuite>